<?xml version="1.0" encoding="UTF-8"?>
<testng-results ignored="0" total="1" passed="1" failed="0" skipped="0">
  <reporter-output>
  </reporter-output>
  <suite started-at="2022-08-06T17:42:00 EET" name="Default suite" finished-at="2022-08-06T17:42:05 EET" duration-ms="4990">
    <groups>
      <group name="cucumber">
        <method signature="AbstractTestNGCucumberTests.runScenario(io.cucumber.testng.PickleWrapper,io.cucumber.testng.FeatureWrapper)[pri:0, instance:testRunner.TestRunner@54422e18]" name="runScenario" class="io.cucumber.testng.AbstractTestNGCucumberTests"/>
      </group> <!-- cucumber -->
    </groups>
    <test started-at="2022-08-06T17:42:00 EET" name="Default test" finished-at="2022-08-06T17:42:05 EET" duration-ms="4990">
      <class name="testRunner.TestRunner">
        <test-method is-config="true" signature="setUpClass(org.testng.ITestContext)[pri:0, instance:testRunner.TestRunner@54422e18]" started-at="2022-08-06T17:42:00 EET" name="setUpClass" finished-at="2022-08-06T17:42:01 EET" duration-ms="638" status="PASS">
          <params>
            <param index="0">
              <value>
                <![CDATA[org.testng.TestRunner@6a98f353]]>
              </value>
            </param>
          </params>
          <reporter-output>
          </reporter-output>
        </test-method> <!-- setUpClass -->
        <test-method signature="runScenario(io.cucumber.testng.PickleWrapper,io.cucumber.testng.FeatureWrapper)[pri:0, instance:testRunner.TestRunner@54422e18]" started-at="2022-08-06T17:42:01 EET" name="runScenario" description="Runs Cucumber Scenarios" data-provider="scenarios" finished-at="2022-08-06T17:42:05 EET" duration-ms="4223" status="PASS">
          <params>
            <param index="0">
              <value>
                <![CDATA["Check AutoComplete search with valid Data"]]>
              </value>
            </param>
            <param index="1">
              <value>
                <![CDATA["AutoComplete search"]]>
              </value>
            </param>
          </params>
          <reporter-output>
          </reporter-output>
        </test-method> <!-- runScenario -->
        <test-method is-config="true" signature="tearDownClass()[pri:0, instance:testRunner.TestRunner@54422e18]" started-at="2022-08-06T17:42:05 EET" name="tearDownClass" finished-at="2022-08-06T17:42:05 EET" duration-ms="67" status="PASS">
          <reporter-output>
          </reporter-output>
        </test-method> <!-- tearDownClass -->
      </class> <!-- testRunner.TestRunner -->
    </test> <!-- Default test -->
  </suite> <!-- Default suite -->
</testng-results>
